<?xml version="1.0" encoding="UTF-8"?>
<!-- Generated by org.testng.reporters.JUnitReportReporter -->
<testsuite hostname="Davids-MacBook-Pro.local" name="Scripts.android.CountryNotSupportedTest" tests="3" failures="0" timestamp="21 Sep 2015 16:50:41 GMT" time="21.158" errors="0">
  <testcase name="test1_22_1" time="2.260" classname="Scripts.android.CountryNotSupportedTest"/>
  <testcase name="test1_8_4" time="9.267" classname="Scripts.android.CountryNotSupportedTest"/>
  <testcase name="test1_20_1" time="9.631" classname="Scripts.android.CountryNotSupportedTest"/>
</testsuite> <!-- Scripts.android.CountryNotSupportedTest -->
