<?xml version="1.0" encoding="UTF-8"?>
<!-- Generated by org.testng.reporters.JUnitReportReporter -->
<testsuite hostname="Davids-MacBook-Pro.local" name="Scripts.mics.sandbox" tests="1" failures="0" timestamp="18 Sep 2015 21:30:42 GMT" time="787.663" errors="0">
  <testcase name="test01" time="787.663" classname="Scripts.mics.sandbox"/>
</testsuite> <!-- Scripts.mics.sandbox -->
