<?xml version="1.0" encoding="UTF-8"?>
<!-- Generated by org.testng.reporters.JUnitReportReporter -->
<testsuite hostname="Davids-MacBook-Pro.local" name="Scripts.android.LoginTests" tests="7" failures="0" timestamp="21 Sep 2015 16:50:41 GMT" time="34.070" errors="0">
  <testcase name="test1_2_1" time="9.836" classname="Scripts.android.LoginTests"/>
  <testcase name="test1_3_1" time="3.570" classname="Scripts.android.LoginTests"/>
  <testcase name="test1_5_2" time="4.629" classname="Scripts.android.LoginTests"/>
  <testcase name="test1_5_1" time="5.750" classname="Scripts.android.LoginTests"/>
  <testcase name="test1_3_2" time="3.328" classname="Scripts.android.LoginTests"/>
  <testcase name="test1_4_1" time="3.508" classname="Scripts.android.LoginTests"/>
  <testcase name="test1_4_2" time="3.449" classname="Scripts.android.LoginTests"/>
</testsuite> <!-- Scripts.android.LoginTests -->
