<?xml version="1.0" encoding="UTF-8"?>
<!-- Generated by org.testng.reporters.JUnitReportReporter -->
<testsuite hostname="Davids-MacBook-Pro.local" name="Scripts.iPhone.LoginTests" tests="1" failures="0" timestamp="14 Sep 2015 17:04:29 GMT" time="3.168" errors="0">
  <testcase name="test01" time="3.168" classname="Scripts.iPhone.LoginTests"/>
</testsuite> <!-- Scripts.iPhone.LoginTests -->
