<?xml version="1.0" encoding="UTF-8"?>
<!-- Generated by org.testng.reporters.JUnitReportReporter -->
<testsuite hostname="Davids-MacBook-Pro.local" name="Scripts.mics.sandbox" tests="1" failures="0" timestamp="17 Sep 2015 19:16:42 GMT" time="45.211" errors="0">
  <testcase name="test01" time="45.211" classname="Scripts.mics.sandbox"/>
</testsuite> <!-- Scripts.mics.sandbox -->
