<?xml version="1.0" encoding="UTF-8"?>
<!-- Generated by org.testng.reporters.JUnitReportReporter -->
<testsuite hostname="Davids-MacBook-Pro.local" name="Scripts.android.CountryPartiallySupported" tests="6" failures="0" timestamp="21 Sep 2015 16:50:41 GMT" time="81.117" errors="0">
  <testcase name="test1_13_1" time="17.088" classname="Scripts.android.CountryPartiallySupported"/>
  <testcase name="test1_9a_2" time="23.418" classname="Scripts.android.CountryPartiallySupported"/>
  <testcase name="test1_10_1" time="11.610" classname="Scripts.android.CountryPartiallySupported"/>
  <testcase name="test1_11_1" time="13.664" classname="Scripts.android.CountryPartiallySupported"/>
  <testcase name="test1_8_6" time="4.709" classname="Scripts.android.CountryPartiallySupported"/>
  <testcase name="test1_12_1" time="10.628" classname="Scripts.android.CountryPartiallySupported"/>
</testsuite> <!-- Scripts.android.CountryPartiallySupported -->
