<?xml version="1.0" encoding="UTF-8"?>
<!-- Generated by org.testng.reporters.JUnitReportReporter -->
<testsuite hostname="Davids-MacBook-Pro.local" name="Scripts.android.CountrySupportedTest" tests="6" failures="0" timestamp="21 Sep 2015 16:50:41 GMT" time="81.878" errors="0">
  <testcase name="test1_8_5" time="14.901" classname="Scripts.android.CountrySupportedTest"/>
  <testcase name="test1_10_3" time="13.723" classname="Scripts.android.CountrySupportedTest"/>
  <testcase name="test1_9a_2" time="21.621" classname="Scripts.android.CountrySupportedTest"/>
  <testcase name="test1_11_2" time="5.510" classname="Scripts.android.CountrySupportedTest"/>
  <testcase name="test1_10_2" time="8.954" classname="Scripts.android.CountrySupportedTest"/>
  <testcase name="test1_11_1" time="17.169" classname="Scripts.android.CountrySupportedTest"/>
</testsuite> <!-- Scripts.android.CountrySupportedTest -->
